<?xml version="1.0" encoding="UTF-8"?>
<testng-results skipped="0" failed="0" ignored="0" total="1" passed="1">
  <reporter-output>
  </reporter-output>
  <suite name="XMLCheck" duration-ms="30857" started-at="2021-06-02T19:28:22Z" finished-at="2021-06-02T19:28:53Z">
    <groups>
    </groups>
    <test name="TestCase1" duration-ms="30857" started-at="2021-06-02T19:28:22Z" finished-at="2021-06-02T19:28:53Z">
      <class name="TestFiles.TestCase1">
        <test-method status="PASS" signature="setup()[pri:0, instance:TestFiles.TestCase1@39c0f4a]" name="setup" is-config="true" duration-ms="4143" started-at="2021-06-03T00:58:22Z" finished-at="2021-06-03T00:58:26Z">
          <reporter-output>
          </reporter-output>
        </test-method> <!-- setup -->
        <test-method status="PASS" signature="Hello()[pri:0, instance:TestFiles.TestCase1@39c0f4a]" name="Hello" duration-ms="25438" started-at="2021-06-03T00:58:26Z" finished-at="2021-06-03T00:58:52Z">
          <reporter-output>
          </reporter-output>
        </test-method> <!-- Hello -->
        <test-method status="PASS" signature="teardown()[pri:0, instance:TestFiles.TestCase1@39c0f4a]" name="teardown" is-config="true" duration-ms="1244" started-at="2021-06-03T00:58:52Z" finished-at="2021-06-03T00:58:53Z">
          <reporter-output>
          </reporter-output>
        </test-method> <!-- teardown -->
      </class> <!-- TestFiles.TestCase1 -->
    </test> <!-- TestCase1 -->
  </suite> <!-- XMLCheck -->
</testng-results>
