<?xml version="1.0" encoding="UTF-8"?>
<testng-results skipped="0" failed="0" ignored="0" total="1" passed="1">
  <reporter-output>
  </reporter-output>
  <suite name="XMLCheck" duration-ms="38407" started-at="2021-06-02T17:56:36Z" finished-at="2021-06-02T17:57:15Z">
    <groups>
    </groups>
    <test name="WarrantyLot1" duration-ms="38407" started-at="2021-06-02T17:56:36Z" finished-at="2021-06-02T17:57:15Z">
      <class name="TestFiles.TestCase1">
        <test-method status="PASS" signature="setup()[pri:0, instance:TestFiles.TestCase1@39c0f4a]" name="setup" is-config="true" duration-ms="10607" started-at="2021-06-02T23:26:36Z" finished-at="2021-06-02T23:26:47Z">
          <reporter-output>
          </reporter-output>
        </test-method> <!-- setup -->
        <test-method status="PASS" signature="Hello()[pri:0, instance:TestFiles.TestCase1@39c0f4a]" name="Hello" duration-ms="26423" started-at="2021-06-02T23:26:47Z" finished-at="2021-06-02T23:27:13Z">
          <reporter-output>
          </reporter-output>
        </test-method> <!-- Hello -->
        <test-method status="PASS" signature="teardown()[pri:0, instance:TestFiles.TestCase1@39c0f4a]" name="teardown" is-config="true" duration-ms="1234" started-at="2021-06-02T23:27:13Z" finished-at="2021-06-02T23:27:15Z">
          <reporter-output>
          </reporter-output>
        </test-method> <!-- teardown -->
      </class> <!-- TestFiles.TestCase1 -->
    </test> <!-- WarrantyLot1 -->
  </suite> <!-- XMLCheck -->
</testng-results>
